2025-11-29 02:47:00,336 INFO o.a.j.u.JMeterUtils: Setting Locale to en_EN
2025-11-29 02:47:00,355 INFO o.a.j.JMeter: Loading user properties from: C:\ProgramData\chocolatey\lib\jmeter\tools\apache-jmeter-5.6.3\bin\user.properties
2025-11-29 02:47:00,355 INFO o.a.j.JMeter: Loading system properties from: C:\ProgramData\chocolatey\lib\jmeter\tools\apache-jmeter-5.6.3\bin\system.properties
2025-11-29 02:47:00,362 INFO o.a.j.JMeter: Copyright (c) 1998-2024 The Apache Software Foundation
2025-11-29 02:47:00,362 INFO o.a.j.JMeter: Version 5.6.3
2025-11-29 02:47:00,363 INFO o.a.j.JMeter: java.version=17.0.12
2025-11-29 02:47:00,363 INFO o.a.j.JMeter: java.vm.name=Java HotSpot(TM) 64-Bit Server VM
2025-11-29 02:47:00,363 INFO o.a.j.JMeter: os.name=Windows 10
2025-11-29 02:47:00,363 INFO o.a.j.JMeter: os.arch=amd64
2025-11-29 02:47:00,363 INFO o.a.j.JMeter: os.version=10.0
2025-11-29 02:47:00,363 INFO o.a.j.JMeter: file.encoding=Cp1252
2025-11-29 02:47:00,363 INFO o.a.j.JMeter: java.awt.headless=true
2025-11-29 02:47:00,363 INFO o.a.j.JMeter: Max memory     =1073741824
2025-11-29 02:47:00,363 INFO o.a.j.JMeter: Available Processors =12
2025-11-29 02:47:00,371 INFO o.a.j.JMeter: Default Locale=English (EN)
2025-11-29 02:47:00,371 INFO o.a.j.JMeter: JMeter  Locale=English (EN)
2025-11-29 02:47:00,371 INFO o.a.j.JMeter: JMeterHome=C:\ProgramData\chocolatey\lib\jmeter\tools\apache-jmeter-5.6.3
2025-11-29 02:47:00,371 INFO o.a.j.JMeter: user.dir  =C:\Users\Casty\Documents\GitHub\lab3v
2025-11-29 02:47:00,372 INFO o.a.j.JMeter: PWD       =C:\Users\Casty\Documents\GitHub\lab3v
2025-11-29 02:47:00,373 INFO o.a.j.JMeter: IP: 192.168.1.28 Name: Sho-pc FullName: host.docker.internal
2025-11-29 02:47:00,386 INFO o.a.j.s.FileServer: Default base='C:\Users\Casty\Documents\GitHub\lab3v'
2025-11-29 02:47:00,387 INFO o.a.j.s.FileServer: Set new base='C:\Users\Casty\Documents\GitHub\lab3v\jmeter'
2025-11-29 02:47:00,562 INFO o.a.j.s.SaveService: Testplan (JMX) version: 2.2. Testlog (JTL) version: 2.2
2025-11-29 02:47:00,582 INFO o.a.j.s.SaveService: Using SaveService properties version 5.0
2025-11-29 02:47:00,584 INFO o.a.j.s.SaveService: Using SaveService properties file encoding UTF-8
2025-11-29 02:47:00,587 INFO o.a.j.s.SaveService: Loading file: jmeter\load-test.jmx
2025-11-29 02:47:00,654 INFO o.a.j.p.h.s.HTTPSamplerBase: Parser for text/html is org.apache.jmeter.protocol.http.parser.LagartoBasedHtmlParser
2025-11-29 02:47:00,654 INFO o.a.j.p.h.s.HTTPSamplerBase: Parser for application/xhtml+xml is org.apache.jmeter.protocol.http.parser.LagartoBasedHtmlParser
2025-11-29 02:47:00,654 INFO o.a.j.p.h.s.HTTPSamplerBase: Parser for application/xml is org.apache.jmeter.protocol.http.parser.LagartoBasedHtmlParser
2025-11-29 02:47:00,654 INFO o.a.j.p.h.s.HTTPSamplerBase: Parser for text/xml is org.apache.jmeter.protocol.http.parser.LagartoBasedHtmlParser
2025-11-29 02:47:00,655 INFO o.a.j.p.h.s.HTTPSamplerBase: Parser for text/vnd.wap.wml is org.apache.jmeter.protocol.http.parser.RegexpHTMLParser
2025-11-29 02:47:00,655 INFO o.a.j.p.h.s.HTTPSamplerBase: Parser for text/css is org.apache.jmeter.protocol.http.parser.CssParser
2025-11-29 02:47:00,691 INFO o.a.j.JMeter: Creating summariser <summary>
2025-11-29 02:47:00,711 INFO o.a.j.e.StandardJMeterEngine: Running the test!
2025-11-29 02:47:00,712 INFO o.a.j.s.SampleEvent: List of sample_variables: []
2025-11-29 02:47:00,712 INFO o.a.j.s.SampleEvent: List of sample_variables: []
2025-11-29 02:47:00,719 INFO o.a.j.e.u.CompoundVariable: Note: Function class names must contain the string: '.functions.'
2025-11-29 02:47:00,719 INFO o.a.j.e.u.CompoundVariable: Note: Function class names must not contain the string: '.gui.'
2025-11-29 02:47:00,819 INFO o.a.j.JMeter: Running test (1764402420819)
2025-11-29 02:47:00,833 INFO o.a.j.e.StandardJMeterEngine: Starting ThreadGroup: 1 : Carga Gradual
2025-11-29 02:47:00,833 INFO o.a.j.e.StandardJMeterEngine: Starting 50 threads for group Carga Gradual.
2025-11-29 02:47:00,833 INFO o.a.j.e.StandardJMeterEngine: Thread will continue on error
2025-11-29 02:47:00,834 INFO o.a.j.t.ThreadGroup: Starting thread group... number=1 threads=50 ramp-up=30 delayedStart=false
2025-11-29 02:47:00,839 INFO o.a.j.t.JMeterThread: Thread started: Carga Gradual 1-1
2025-11-29 02:47:00,848 INFO o.a.j.t.ThreadGroup: Started thread group number 1
2025-11-29 02:47:00,848 INFO o.a.j.e.StandardJMeterEngine: All thread groups have been started
2025-11-29 02:47:01,438 INFO o.a.j.t.JMeterThread: Thread started: Carga Gradual 1-2
2025-11-29 02:47:01,630 INFO o.a.j.p.h.s.HTTPHCAbstractImpl: Local host = Sho-pc
2025-11-29 02:47:01,636 INFO o.a.j.p.h.s.HTTPHC4Impl: HTTP request retry count = 0
2025-11-29 02:47:01,637 INFO o.a.j.s.SampleResult: Note: Sample TimeStamps are START times
2025-11-29 02:47:01,637 INFO o.a.j.s.SampleResult: sampleresult.default.encoding is set to UTF-8
2025-11-29 02:47:01,637 INFO o.a.j.s.SampleResult: sampleresult.useNanoTime=true
2025-11-29 02:47:01,637 INFO o.a.j.s.SampleResult: sampleresult.nanoThreadSleep=5000
2025-11-29 02:47:01,694 INFO o.a.j.r.Summariser: summary +      1 in 00:00:01 =    1.1/s Avg:     0 Min:     0 Max:     0 Err:     1 (100.00%) Active: 2 Started: 2 Finished: 0
2025-11-29 02:47:02,037 INFO o.a.j.t.JMeterThread: Thread started: Carga Gradual 1-3
2025-11-29 02:47:02,638 INFO o.a.j.t.JMeterThread: Thread started: Carga Gradual 1-4
2025-11-29 02:47:03,235 INFO o.a.j.t.JMeterThread: Thread started: Carga Gradual 1-5
2025-11-29 02:47:03,835 INFO o.a.j.t.JMeterThread: Thread started: Carga Gradual 1-6
2025-11-29 02:47:04,436 INFO o.a.j.t.JMeterThread: Thread started: Carga Gradual 1-7
2025-11-29 02:47:05,036 INFO o.a.j.t.JMeterThread: Thread started: Carga Gradual 1-8
2025-11-29 02:47:05,634 INFO o.a.j.t.JMeterThread: Thread started: Carga Gradual 1-9
2025-11-29 02:47:06,236 INFO o.a.j.t.JMeterThread: Thread started: Carga Gradual 1-10
2025-11-29 02:47:06,835 INFO o.a.j.t.JMeterThread: Thread started: Carga Gradual 1-11
2025-11-29 02:47:07,435 INFO o.a.j.t.JMeterThread: Thread started: Carga Gradual 1-12
2025-11-29 02:47:08,035 INFO o.a.j.t.JMeterThread: Thread started: Carga Gradual 1-13
2025-11-29 02:47:08,183 INFO o.a.j.t.JMeterThread: Thread is done: Carga Gradual 1-1
2025-11-29 02:47:08,183 INFO o.a.j.t.JMeterThread: Thread finished: Carga Gradual 1-1
2025-11-29 02:47:08,635 INFO o.a.j.t.JMeterThread: Thread started: Carga Gradual 1-14
2025-11-29 02:47:08,711 INFO o.a.j.t.JMeterThread: Thread is done: Carga Gradual 1-2
2025-11-29 02:47:08,712 INFO o.a.j.t.JMeterThread: Thread finished: Carga Gradual 1-2
2025-11-29 02:47:09,235 INFO o.a.j.t.JMeterThread: Thread started: Carga Gradual 1-15
2025-11-29 02:47:09,594 INFO o.a.j.t.JMeterThread: Thread is done: Carga Gradual 1-3
2025-11-29 02:47:09,595 INFO o.a.j.t.JMeterThread: Thread finished: Carga Gradual 1-3
2025-11-29 02:47:09,773 INFO o.a.j.t.JMeterThread: Thread is done: Carga Gradual 1-4
2025-11-29 02:47:09,773 INFO o.a.j.t.JMeterThread: Thread finished: Carga Gradual 1-4
2025-11-29 02:47:09,834 INFO o.a.j.t.JMeterThread: Thread started: Carga Gradual 1-16
2025-11-29 02:47:10,435 INFO o.a.j.t.JMeterThread: Thread started: Carga Gradual 1-17
2025-11-29 02:47:10,790 INFO o.a.j.t.JMeterThread: Thread is done: Carga Gradual 1-5
2025-11-29 02:47:10,790 INFO o.a.j.t.JMeterThread: Thread finished: Carga Gradual 1-5
2025-11-29 02:47:11,034 INFO o.a.j.t.JMeterThread: Thread started: Carga Gradual 1-18
2025-11-29 02:47:11,246 INFO o.a.j.t.JMeterThread: Thread is done: Carga Gradual 1-6
2025-11-29 02:47:11,246 INFO o.a.j.t.JMeterThread: Thread finished: Carga Gradual 1-6
2025-11-29 02:47:11,634 INFO o.a.j.t.JMeterThread: Thread started: Carga Gradual 1-19
2025-11-29 02:47:11,914 INFO o.a.j.t.JMeterThread: Thread is done: Carga Gradual 1-8
2025-11-29 02:47:11,914 INFO o.a.j.t.JMeterThread: Thread finished: Carga Gradual 1-8
2025-11-29 02:47:12,219 INFO o.a.j.t.JMeterThread: Thread is done: Carga Gradual 1-7
2025-11-29 02:47:12,219 INFO o.a.j.t.JMeterThread: Thread finished: Carga Gradual 1-7
2025-11-29 02:47:12,235 INFO o.a.j.t.JMeterThread: Thread started: Carga Gradual 1-20
2025-11-29 02:47:12,835 INFO o.a.j.t.JMeterThread: Thread started: Carga Gradual 1-21
2025-11-29 02:47:13,434 INFO o.a.j.t.JMeterThread: Thread started: Carga Gradual 1-22
2025-11-29 02:47:13,647 INFO o.a.j.t.JMeterThread: Thread is done: Carga Gradual 1-9
2025-11-29 02:47:13,647 INFO o.a.j.t.JMeterThread: Thread finished: Carga Gradual 1-9
2025-11-29 02:47:14,019 INFO o.a.j.t.JMeterThread: Thread is done: Carga Gradual 1-10
2025-11-29 02:47:14,019 INFO o.a.j.t.JMeterThread: Thread finished: Carga Gradual 1-10
2025-11-29 02:47:14,035 INFO o.a.j.t.JMeterThread: Thread started: Carga Gradual 1-23
2025-11-29 02:47:14,636 INFO o.a.j.t.JMeterThread: Thread started: Carga Gradual 1-24
2025-11-29 02:47:14,645 INFO o.a.j.t.JMeterThread: Thread is done: Carga Gradual 1-11
2025-11-29 02:47:14,645 INFO o.a.j.t.JMeterThread: Thread finished: Carga Gradual 1-11
2025-11-29 02:47:15,045 INFO o.a.j.t.JMeterThread: Thread is done: Carga Gradual 1-12
2025-11-29 02:47:15,045 INFO o.a.j.t.JMeterThread: Thread finished: Carga Gradual 1-12
2025-11-29 02:47:15,235 INFO o.a.j.t.JMeterThread: Thread started: Carga Gradual 1-25
2025-11-29 02:47:15,371 INFO o.a.j.t.JMeterThread: Thread is done: Carga Gradual 1-13
2025-11-29 02:47:15,372 INFO o.a.j.t.JMeterThread: Thread finished: Carga Gradual 1-13
2025-11-29 02:47:15,807 INFO o.a.j.t.JMeterThread: Thread is done: Carga Gradual 1-14
2025-11-29 02:47:15,808 INFO o.a.j.t.JMeterThread: Thread finished: Carga Gradual 1-14
2025-11-29 02:47:15,835 INFO o.a.j.t.JMeterThread: Thread started: Carga Gradual 1-26
2025-11-29 02:47:16,113 INFO o.a.j.t.JMeterThread: Thread is done: Carga Gradual 1-15
2025-11-29 02:47:16,113 INFO o.a.j.t.JMeterThread: Thread finished: Carga Gradual 1-15
2025-11-29 02:47:16,434 INFO o.a.j.t.JMeterThread: Thread started: Carga Gradual 1-27
2025-11-29 02:47:17,034 INFO o.a.j.t.JMeterThread: Thread started: Carga Gradual 1-28
2025-11-29 02:47:17,080 INFO o.a.j.t.JMeterThread: Thread is done: Carga Gradual 1-16
2025-11-29 02:47:17,080 INFO o.a.j.t.JMeterThread: Thread finished: Carga Gradual 1-16
2025-11-29 02:47:17,634 INFO o.a.j.t.JMeterThread: Thread started: Carga Gradual 1-29
2025-11-29 02:47:17,720 INFO o.a.j.t.JMeterThread: Thread is done: Carga Gradual 1-17
2025-11-29 02:47:17,720 INFO o.a.j.t.JMeterThread: Thread finished: Carga Gradual 1-17
2025-11-29 02:47:18,235 INFO o.a.j.t.JMeterThread: Thread started: Carga Gradual 1-30
2025-11-29 02:47:18,835 INFO o.a.j.t.JMeterThread: Thread started: Carga Gradual 1-31
2025-11-29 02:47:19,000 INFO o.a.j.t.JMeterThread: Thread is done: Carga Gradual 1-18
2025-11-29 02:47:19,000 INFO o.a.j.t.JMeterThread: Thread finished: Carga Gradual 1-18
2025-11-29 02:47:19,323 INFO o.a.j.t.JMeterThread: Thread is done: Carga Gradual 1-19
2025-11-29 02:47:19,324 INFO o.a.j.t.JMeterThread: Thread finished: Carga Gradual 1-19
2025-11-29 02:47:19,435 INFO o.a.j.t.JMeterThread: Thread started: Carga Gradual 1-32
2025-11-29 02:47:19,830 INFO o.a.j.t.JMeterThread: Thread is done: Carga Gradual 1-20
2025-11-29 02:47:19,831 INFO o.a.j.t.JMeterThread: Thread finished: Carga Gradual 1-20
2025-11-29 02:47:20,034 INFO o.a.j.t.JMeterThread: Thread started: Carga Gradual 1-33
2025-11-29 02:47:20,112 INFO o.a.j.t.JMeterThread: Thread is done: Carga Gradual 1-21
2025-11-29 02:47:20,113 INFO o.a.j.t.JMeterThread: Thread finished: Carga Gradual 1-21
2025-11-29 02:47:20,634 INFO o.a.j.t.JMeterThread: Thread started: Carga Gradual 1-34
2025-11-29 02:47:21,235 INFO o.a.j.t.JMeterThread: Thread started: Carga Gradual 1-35
2025-11-29 02:47:21,423 INFO o.a.j.t.JMeterThread: Thread is done: Carga Gradual 1-22
2025-11-29 02:47:21,423 INFO o.a.j.t.JMeterThread: Thread finished: Carga Gradual 1-22
2025-11-29 02:47:21,835 INFO o.a.j.t.JMeterThread: Thread started: Carga Gradual 1-36
2025-11-29 02:47:22,082 INFO o.a.j.t.JMeterThread: Thread is done: Carga Gradual 1-23
2025-11-29 02:47:22,082 INFO o.a.j.t.JMeterThread: Thread finished: Carga Gradual 1-23
2025-11-29 02:47:22,435 INFO o.a.j.t.JMeterThread: Thread started: Carga Gradual 1-37
2025-11-29 02:47:22,759 INFO o.a.j.t.JMeterThread: Thread is done: Carga Gradual 1-28
2025-11-29 02:47:22,760 INFO o.a.j.t.JMeterThread: Thread finished: Carga Gradual 1-28
2025-11-29 02:47:22,791 INFO o.a.j.t.JMeterThread: Thread is done: Carga Gradual 1-24
2025-11-29 02:47:22,791 INFO o.a.j.t.JMeterThread: Thread finished: Carga Gradual 1-24
2025-11-29 02:47:23,035 INFO o.a.j.t.JMeterThread: Thread started: Carga Gradual 1-38
2025-11-29 02:47:23,050 INFO o.a.j.t.JMeterThread: Thread is done: Carga Gradual 1-26
2025-11-29 02:47:23,050 INFO o.a.j.t.JMeterThread: Thread finished: Carga Gradual 1-26
2025-11-29 02:47:23,315 INFO o.a.j.t.JMeterThread: Thread is done: Carga Gradual 1-25
2025-11-29 02:47:23,315 INFO o.a.j.t.JMeterThread: Thread finished: Carga Gradual 1-25
2025-11-29 02:47:23,634 INFO o.a.j.t.JMeterThread: Thread started: Carga Gradual 1-39
2025-11-29 02:47:24,235 INFO o.a.j.t.JMeterThread: Thread started: Carga Gradual 1-40
2025-11-29 02:47:24,773 INFO o.a.j.t.JMeterThread: Thread is done: Carga Gradual 1-27
2025-11-29 02:47:24,774 INFO o.a.j.t.JMeterThread: Thread finished: Carga Gradual 1-27
2025-11-29 02:47:24,834 INFO o.a.j.t.JMeterThread: Thread started: Carga Gradual 1-41
2025-11-29 02:47:25,435 INFO o.a.j.t.JMeterThread: Thread started: Carga Gradual 1-42
2025-11-29 02:47:25,722 INFO o.a.j.t.JMeterThread: Thread is done: Carga Gradual 1-29
2025-11-29 02:47:25,723 INFO o.a.j.t.JMeterThread: Thread finished: Carga Gradual 1-29
2025-11-29 02:47:26,035 INFO o.a.j.t.JMeterThread: Thread started: Carga Gradual 1-43
2025-11-29 02:47:26,380 INFO o.a.j.t.JMeterThread: Thread is done: Carga Gradual 1-30
2025-11-29 02:47:26,380 INFO o.a.j.t.JMeterThread: Thread finished: Carga Gradual 1-30
2025-11-29 02:47:26,634 INFO o.a.j.t.JMeterThread: Thread started: Carga Gradual 1-44
2025-11-29 02:47:26,652 INFO o.a.j.t.JMeterThread: Thread is done: Carga Gradual 1-32
2025-11-29 02:47:26,652 INFO o.a.j.t.JMeterThread: Thread finished: Carga Gradual 1-32
2025-11-29 02:47:26,962 INFO o.a.j.t.JMeterThread: Thread is done: Carga Gradual 1-31
2025-11-29 02:47:26,963 INFO o.a.j.t.JMeterThread: Thread finished: Carga Gradual 1-31
2025-11-29 02:47:27,234 INFO o.a.j.t.JMeterThread: Thread started: Carga Gradual 1-45
2025-11-29 02:47:27,835 INFO o.a.j.t.JMeterThread: Thread started: Carga Gradual 1-46
2025-11-29 02:47:28,284 INFO o.a.j.t.JMeterThread: Thread is done: Carga Gradual 1-34
2025-11-29 02:47:28,285 INFO o.a.j.t.JMeterThread: Thread finished: Carga Gradual 1-34
2025-11-29 02:47:28,435 INFO o.a.j.t.JMeterThread: Thread started: Carga Gradual 1-47
2025-11-29 02:47:28,486 INFO o.a.j.t.JMeterThread: Thread is done: Carga Gradual 1-35
2025-11-29 02:47:28,486 INFO o.a.j.t.JMeterThread: Thread finished: Carga Gradual 1-35
2025-11-29 02:47:28,561 INFO o.a.j.t.JMeterThread: Thread is done: Carga Gradual 1-33
2025-11-29 02:47:28,561 INFO o.a.j.t.JMeterThread: Thread finished: Carga Gradual 1-33
2025-11-29 02:47:28,794 INFO o.a.j.t.JMeterThread: Thread is done: Carga Gradual 1-36
2025-11-29 02:47:28,794 INFO o.a.j.t.JMeterThread: Thread finished: Carga Gradual 1-36
2025-11-29 02:47:29,036 INFO o.a.j.t.JMeterThread: Thread started: Carga Gradual 1-48
2025-11-29 02:47:29,400 INFO o.a.j.t.JMeterThread: Thread is done: Carga Gradual 1-37
2025-11-29 02:47:29,400 INFO o.a.j.t.JMeterThread: Thread finished: Carga Gradual 1-37
2025-11-29 02:47:29,636 INFO o.a.j.t.JMeterThread: Thread started: Carga Gradual 1-49
2025-11-29 02:47:30,092 INFO o.a.j.r.Summariser: summary +    423 in 00:00:28 =   14.9/s Avg:     0 Min:     0 Max:     1 Err:   423 (100.00%) Active: 12 Started: 49 Finished: 37
2025-11-29 02:47:30,093 INFO o.a.j.r.Summariser: summary =    424 in 00:00:29 =   14.5/s Avg:     0 Min:     0 Max:     1 Err:   424 (100.00%)
2025-11-29 02:47:30,234 INFO o.a.j.t.JMeterThread: Thread started: Carga Gradual 1-50
2025-11-29 02:47:30,532 INFO o.a.j.t.JMeterThread: Thread is done: Carga Gradual 1-38
2025-11-29 02:47:30,532 INFO o.a.j.t.JMeterThread: Thread finished: Carga Gradual 1-38
2025-11-29 02:47:30,866 INFO o.a.j.t.JMeterThread: Thread is done: Carga Gradual 1-39
2025-11-29 02:47:30,866 INFO o.a.j.t.JMeterThread: Thread finished: Carga Gradual 1-39
2025-11-29 02:47:31,740 INFO o.a.j.t.JMeterThread: Thread is done: Carga Gradual 1-40
2025-11-29 02:47:31,740 INFO o.a.j.t.JMeterThread: Thread finished: Carga Gradual 1-40
2025-11-29 02:47:32,850 INFO o.a.j.t.JMeterThread: Thread is done: Carga Gradual 1-42
2025-11-29 02:47:32,850 INFO o.a.j.t.JMeterThread: Thread finished: Carga Gradual 1-42
2025-11-29 02:47:33,033 INFO o.a.j.t.JMeterThread: Thread is done: Carga Gradual 1-41
2025-11-29 02:47:33,033 INFO o.a.j.t.JMeterThread: Thread finished: Carga Gradual 1-41
2025-11-29 02:47:34,005 INFO o.a.j.t.JMeterThread: Thread is done: Carga Gradual 1-44
2025-11-29 02:47:34,005 INFO o.a.j.t.JMeterThread: Thread finished: Carga Gradual 1-44
2025-11-29 02:47:34,369 INFO o.a.j.t.JMeterThread: Thread is done: Carga Gradual 1-43
2025-11-29 02:47:34,369 INFO o.a.j.t.JMeterThread: Thread finished: Carga Gradual 1-43
2025-11-29 02:47:34,477 INFO o.a.j.t.JMeterThread: Thread is done: Carga Gradual 1-45
2025-11-29 02:47:34,478 INFO o.a.j.t.JMeterThread: Thread finished: Carga Gradual 1-45
2025-11-29 02:47:35,411 INFO o.a.j.t.JMeterThread: Thread is done: Carga Gradual 1-46
2025-11-29 02:47:35,411 INFO o.a.j.t.JMeterThread: Thread finished: Carga Gradual 1-46
2025-11-29 02:47:35,571 INFO o.a.j.t.JMeterThread: Thread is done: Carga Gradual 1-47
2025-11-29 02:47:35,571 INFO o.a.j.t.JMeterThread: Thread finished: Carga Gradual 1-47
2025-11-29 02:47:36,948 INFO o.a.j.t.JMeterThread: Thread is done: Carga Gradual 1-48
2025-11-29 02:47:36,948 INFO o.a.j.t.JMeterThread: Thread finished: Carga Gradual 1-48
2025-11-29 02:47:37,424 INFO o.a.j.t.JMeterThread: Thread is done: Carga Gradual 1-49
2025-11-29 02:47:37,424 INFO o.a.j.t.JMeterThread: Thread finished: Carga Gradual 1-49
2025-11-29 02:47:37,822 INFO o.a.j.t.JMeterThread: Thread is done: Carga Gradual 1-50
2025-11-29 02:47:37,822 INFO o.a.j.t.JMeterThread: Thread finished: Carga Gradual 1-50
2025-11-29 02:47:37,822 INFO o.a.j.e.StandardJMeterEngine: Notifying test listeners of end of test
2025-11-29 02:47:37,823 INFO o.a.j.r.Summariser: summary +     76 in 00:00:08 =    9.8/s Avg:     0 Min:     0 Max:     0 Err:    76 (100.00%) Active: 0 Started: 50 Finished: 50
2025-11-29 02:47:37,823 INFO o.a.j.r.Summariser: summary =    500 in 00:00:37 =   13.5/s Avg:     0 Min:     0 Max:     1 Err:   500 (100.00%)
